<?xml version="1.0" encoding="UTF-8"?>
<!-- Generated by org.testng.reporters.JUnitReportReporter -->
<testsuite hostname="Diya" failures="0" tests="33" name="DigitalResumeBuilder.TestClass" time="19.938" errors="1" timestamp="2024-06-02T21:16:21 IST" skipped="0">
  <testcase classname="DigitalResumeBuilder.TestClass" name="poslogin" time="0.894"/>
  <testcase classname="DigitalResumeBuilder.TestClass" name="sign" time="0.135"/>
  <testcase classname="DigitalResumeBuilder.TestClass" name="neglogin1" time="0.427"/>
  <testcase classname="DigitalResumeBuilder.TestClass" name="home1" time="0.101"/>
  <testcase classname="DigitalResumeBuilder.TestClass" name="sign1" time="0.180"/>
  <testcase classname="DigitalResumeBuilder.TestClass" name="neglogin2" time="0.422"/>
  <testcase classname="DigitalResumeBuilder.TestClass" name="home2" time="0.096"/>
  <testcase classname="DigitalResumeBuilder.TestClass" name="sign2" time="0.157"/>
  <testcase classname="DigitalResumeBuilder.TestClass" name="neglogin3" time="0.392"/>
  <testcase classname="DigitalResumeBuilder.TestClass" name="forget" time="0.617"/>
  <testcase classname="DigitalResumeBuilder.TestClass" name="sign3" time="0.155"/>
  <testcase classname="DigitalResumeBuilder.TestClass" name="login2" time="0.485"/>
  <testcase classname="DigitalResumeBuilder.TestClass" name="profile" time="0.174"/>
  <testcase classname="DigitalResumeBuilder.TestClass" name="create" time="0.165"/>
  <testcase classname="DigitalResumeBuilder.TestClass" name="dat" time="0.184"/>
  <testcase classname="DigitalResumeBuilder.TestClass" name="dat2" time="0.072"/>
  <testcase classname="DigitalResumeBuilder.TestClass" name="dat3" time="0.074"/>
  <testcase classname="DigitalResumeBuilder.TestClass" name="gend" time="0.076"/>
  <testcase classname="DigitalResumeBuilder.TestClass" name="hschool" time="11.522"/>
  <testcase classname="DigitalResumeBuilder.TestClass" name="hschool2" time="0.103"/>
  <testcase classname="DigitalResumeBuilder.TestClass" name="hschool3" time="0.052"/>
  <testcase classname="DigitalResumeBuilder.TestClass" name="hschool4" time="0.057"/>
  <testcase classname="DigitalResumeBuilder.TestClass" name="hsper" time="0.102"/>
  <testcase classname="DigitalResumeBuilder.TestClass" name="hsname" time="0.100"/>
  <testcase classname="DigitalResumeBuilder.TestClass" name="hsyear" time="0.128"/>
  <testcase classname="DigitalResumeBuilder.TestClass" name="logi" time="0.124"/>
  <testcase classname="DigitalResumeBuilder.TestClass" name="si6" time="0.298"/>
  <testcase classname="DigitalResumeBuilder.TestClass" name="prof" time="0.421"/>
  <testcase classname="DigitalResumeBuilder.TestClass" name="mprof" time="0.417"/>
  <testcase classname="DigitalResumeBuilder.TestClass" name="edtp" time="1.147"/>
  <testcase classname="DigitalResumeBuilder.TestClass" name="edtn" time="0.102"/>
  <testcase classname="DigitalResumeBuilder.TestClass" name="edto" time="0.559"/>
  <testcase classname="DigitalResumeBuilder.TestClass" name="templ" time="0.000">
    <error message="Unable to obtain: chromedriver, error chromedriver must exist: C:\Users\jagat\OneDrive\Desktop\DRB\DIGITALRESUMEBUILDER\path\to\chromedriver
For documentation on this error, please visit: https://www.selenium.dev/documentation/webdriver/troubleshooting/errors/driver_location/
Build info: version: &#039;4.21.0&#039;, revision: &#039;79ed462ef4&#039;
System info: os.name: &#039;Windows 11&#039;, os.arch: &#039;amd64&#039;, os.version: &#039;10.0&#039;, java.version: &#039;21.0.1&#039;
Driver info: driver.version: ChromeDriver" type="org.openqa.selenium.remote.NoSuchDriverException">
      <![CDATA[org.openqa.selenium.remote.NoSuchDriverException: Unable to obtain: chromedriver, error chromedriver must exist: C:\Users\jagat\OneDrive\Desktop\DRB\DIGITALRESUMEBUILDER\path\to\chromedriver
For documentation on this error, please visit: https://www.selenium.dev/documentation/webdriver/troubleshooting/errors/driver_location/
Build info: version: '4.21.0', revision: '79ed462ef4'
System info: os.name: 'Windows 11', os.arch: 'amd64', os.version: '10.0', java.version: '21.0.1'
Driver info: driver.version: ChromeDriver
at org.openqa.selenium.remote.service.DriverFinder.getBinaryPaths(DriverFinder.java:121)
at org.openqa.selenium.remote.service.DriverFinder.getDriverPath(DriverFinder.java:55)
at org.openqa.selenium.chrome.ChromeDriver.generateExecutor(ChromeDriver.java:99)
at org.openqa.selenium.chrome.ChromeDriver.<init>(ChromeDriver.java:88)
at org.openqa.selenium.chrome.ChromeDriver.<init>(ChromeDriver.java:83)
at org.openqa.selenium.chrome.ChromeDriver.<init>(ChromeDriver.java:72)
at ict.kerala.project.LoginPage.setup(LoginPage.java:312)
at DigitalResumeBuilder.TestClass.templ(TestClass.java:258)
at java.base/jdk.internal.reflect.DirectMethodHandleAccessor.invoke(DirectMethodHandleAccessor.java:103)
at java.base/java.lang.reflect.Method.invoke(Method.java:580)
at org.testng.internal.invokers.MethodInvocationHelper.invokeMethod(MethodInvocationHelper.java:139)
at org.testng.internal.invokers.TestInvoker.invokeMethod(TestInvoker.java:664)
at org.testng.internal.invokers.TestInvoker.invokeTestMethod(TestInvoker.java:228)
at org.testng.internal.invokers.MethodRunner.runInSequence(MethodRunner.java:63)
at org.testng.internal.invokers.TestInvoker$MethodInvocationAgent.invoke(TestInvoker.java:961)
at org.testng.internal.invokers.TestInvoker.invokeTestMethods(TestInvoker.java:201)
at org.testng.internal.invokers.TestMethodWorker.invokeTestMethods(TestMethodWorker.java:148)
at org.testng.internal.invokers.TestMethodWorker.run(TestMethodWorker.java:128)
at java.base/java.util.ArrayList.forEach(ArrayList.java:1596)
at org.testng.TestRunner.privateRun(TestRunner.java:819)
at org.testng.TestRunner.run(TestRunner.java:619)
at org.testng.SuiteRunner.runTest(SuiteRunner.java:443)
at org.testng.SuiteRunner.runSequentially(SuiteRunner.java:437)
at org.testng.SuiteRunner.privateRun(SuiteRunner.java:397)
at org.testng.SuiteRunner.run(SuiteRunner.java:336)
at org.testng.SuiteRunnerWorker.runSuite(SuiteRunnerWorker.java:52)
at org.testng.SuiteRunnerWorker.run(SuiteRunnerWorker.java:95)
at org.testng.TestNG.runSuitesSequentially(TestNG.java:1301)
at org.testng.TestNG.runSuitesLocally(TestNG.java:1228)
at org.testng.TestNG.runSuites(TestNG.java:1134)
at org.testng.TestNG.run(TestNG.java:1101)
at org.testng.remote.AbstractRemoteTestNG.run(AbstractRemoteTestNG.java:115)
at org.testng.remote.RemoteTestNG.initAndRun(RemoteTestNG.java:251)
at org.testng.remote.RemoteTestNG.main(RemoteTestNG.java:77)
Caused by: java.lang.IllegalStateException: chromedriver must exist: C:\Users\jagat\OneDrive\Desktop\DRB\DIGITALRESUMEBUILDER\path\to\chromedriver
at org.openqa.selenium.internal.Require$FileStateChecker.isFile(Require.java:346)
at org.openqa.selenium.internal.Require$FileStateChecker.isExecutable(Require.java:368)
at org.openqa.selenium.remote.service.DriverFinder.getBinaryPaths(DriverFinder.java:118)
... 33 more
]]>
    </error>
  </testcase> <!-- templ -->
</testsuite> <!-- DigitalResumeBuilder.TestClass -->
