<html>
<head>
<title>TestNG:  Default test</title>
<link href="../testng.css" rel="stylesheet" type="text/css" />
<link href="../my-testng.css" rel="stylesheet" type="text/css" />

<style type="text/css">
.log { display: none;} 
.stack-trace { display: none;} 
</style>
<script type="text/javascript">
<!--
function flip(e) {
  current = e.style.display;
  if (current == 'block') {
    e.style.display = 'none';
    return 0;
  }
  else {
    e.style.display = 'block';
    return 1;
  }
}

function toggleBox(szDivId, elem, msg1, msg2)
{
  var res = -1;  if (document.getElementById) {
    res = flip(document.getElementById(szDivId));
  }
  else if (document.all) {
    // this is the way old msie versions work
    res = flip(document.all[szDivId]);
  }
  if(elem) {
    if(res == 0) elem.innerHTML = msg1; else elem.innerHTML = msg2;
  }

}

function toggleAllBoxes() {
  if (document.getElementsByTagName) {
    d = document.getElementsByTagName('div');
    for (i = 0; i < d.length; i++) {
      if (d[i].className == 'log') {
        flip(d[i]);
      }
    }
  }
}

// -->
</script>

</head>
<body>
<h2 align='center'>Default test</h2><table border='1' align="center">
<tr>
<td>Tests passed/Failed/Skipped:</td><td>32/1/0</td>
</tr><tr>
<td>Started on:</td><td>Sun Jun 02 21:15:53 IST 2024</td>
</tr>
<tr><td>Total time:</td><td>26 seconds (26572 ms)</td>
</tr><tr>
<td>Included groups:</td><td></td>
</tr><tr>
<td>Excluded groups:</td><td></td>
</tr>
</table><p/>
<small><i>(Hover the method name to see the test class name)</i></small><p/>
<table width='100%' border='1' class='invocation-failed'>
<tr><td colspan='4' align='center'><b>FAILED TESTS</b></td></tr>
<tr><td><b>Test method</b></td>
<td><b>Attribute(s)</b></td>
<td width="30%"><b>Exception</b></td>
<td width="10%"><b>Time (seconds)</b></td>
<td><b>Instance</b></td>
</tr>
<tr>
<td title='DigitalResumeBuilder.TestClass.templ()'><b>templ</b><br>Test class: DigitalResumeBuilder.TestClass</td>
<td><div><pre>org.openqa.selenium.remote.NoSuchDriverException: Unable to obtain: chromedriver, error chromedriver must exist: C:\Users\jagat\OneDrive\Desktop\DRB\DIGITALRESUMEBUILDER\path\to\chromedriver
For documentation on this error, please visit: https://www.selenium.dev/documentation/webdriver/troubleshooting/errors/driver_location/
Build info: version: &apos;4.21.0&apos;, revision: &apos;79ed462ef4&apos;
System info: os.name: &apos;Windows 11&apos;, os.arch: &apos;amd64&apos;, os.version: &apos;10.0&apos;, java.version: &apos;21.0.1&apos;
Driver info: driver.version: ChromeDriver
	at org.openqa.selenium.remote.service.DriverFinder.getBinaryPaths(DriverFinder.java:121)
	at org.openqa.selenium.remote.service.DriverFinder.getDriverPath(DriverFinder.java:55)
	at org.openqa.selenium.chrome.ChromeDriver.generateExecutor(ChromeDriver.java:99)
	at org.openqa.selenium.chrome.ChromeDriver.&lt;init&gt;(ChromeDriver.java:88)
	at org.openqa.selenium.chrome.ChromeDriver.&lt;init&gt;(ChromeDriver.java:83)
	at org.openqa.selenium.chrome.ChromeDriver.&lt;init&gt;(ChromeDriver.java:72)
	at ict.kerala.project.LoginPage.setup(LoginPage.java:312)
	at DigitalResumeBuilder.TestClass.templ(TestClass.java:258)
	at java.base/jdk.internal.reflect.DirectMethodHandleAccessor.invoke(DirectMethodHandleAccessor.java:103)
	at java.base/java.lang.reflect.Method.invoke(Method.java:580)
	at org.testng.internal.invokers.MethodInvocationHelper.invokeMethod(MethodInvocationHelper.java:139)
	at org.testng.internal.invokers.TestInvoker.invokeMethod(TestInvoker.java:664)
	at org.testng.internal.invokers.TestInvoker.invokeTestMethod(TestInvoker.java:228)
	at org.testng.internal.invokers.MethodRunner.runInSequence(MethodRunner.java:63)
	at org.testng.internal.invokers.TestInvoker$MethodInvocationAgent.invoke(TestInvoker.java:961)
	at org.testng.internal.invokers.TestInvoker.invokeTestMethods(TestInvoker.java:201)
	at org.testng.internal.invokers.TestMethodWorker.invokeTestMethods(TestMethodWorker.java:148)
	at org.testng.internal.invokers.TestMethodWorker.run(TestMethodWorker.java:128)
	at java.base/java.util.ArrayList.forEach(ArrayList.java:1596)
	at org.testng.TestRunner.privateRun(TestRunner.java:819)
	at org.testng.TestRunner.run(TestRunner.java:619)
	at org.testng.SuiteRunner.runTest(SuiteRunner.java:443)
	at org.testng.SuiteRunner.runSequentially(SuiteRunner.java:437)
	at org.testng.SuiteRunner.privateRun(SuiteRunner.java:397)
	at org.testng.SuiteRunner.run(SuiteRunner.java:336)
	at org.testng.SuiteRunnerWorker.runSuite(SuiteRunnerWorker.java:52)
	at org.testng.SuiteRunnerWorker.run(SuiteRunnerWorker.java:95)
	at org.testng.TestNG.runSuitesSequentially(TestNG.java:1301)
	at org.testng.TestNG.runSuitesLocally(TestNG.java:1228)
	at org.testng.TestNG.runSuites(TestNG.java:1134)
	at org.testng.TestNG.run(TestNG.java:1101)
	at org.testng.remote.AbstractRemoteTestNG.run(AbstractRemoteTestNG.java:115)
	at org.testng.remote.RemoteTestNG.initAndRun(RemoteTestNG.java:251)
	at org.testng.remote.RemoteTestNG.main(RemoteTestNG.java:77)
Caused by: java.lang.IllegalStateException: chromedriver must exist: C:\Users\jagat\OneDrive\Desktop\DRB\DIGITALRESUMEBUILDER\path\to\chromedriver
	at org.openqa.selenium.internal.Require$FileStateChecker.isFile(Require.java:346)
	at org.openqa.selenium.internal.Require$FileStateChecker.isExecutable(Require.java:368)
	at org.openqa.selenium.remote.service.DriverFinder.getBinaryPaths(DriverFinder.java:118)
	... 33 more
</pre></div><a href='#' onClick='toggleBox("stack-trace1476061571", this, "Click to show all stack frames", "Click to hide stack frames")'>Click to show all stack frames</a>
<div class='stack-trace' id='stack-trace1476061571'><pre>org.openqa.selenium.remote.NoSuchDriverException: Unable to obtain: chromedriver, error chromedriver must exist: C:\Users\jagat\OneDrive\Desktop\DRB\DIGITALRESUMEBUILDER\path\to\chromedriver
For documentation on this error, please visit: https://www.selenium.dev/documentation/webdriver/troubleshooting/errors/driver_location/
Build info: version: &apos;4.21.0&apos;, revision: &apos;79ed462ef4&apos;
System info: os.name: &apos;Windows 11&apos;, os.arch: &apos;amd64&apos;, os.version: &apos;10.0&apos;, java.version: &apos;21.0.1&apos;
Driver info: driver.version: ChromeDriver
	at org.openqa.selenium.remote.service.DriverFinder.getBinaryPaths(DriverFinder.java:121)
	at org.openqa.selenium.remote.service.DriverFinder.getDriverPath(DriverFinder.java:55)
	at org.openqa.selenium.chrome.ChromeDriver.generateExecutor(ChromeDriver.java:99)
	at org.openqa.selenium.chrome.ChromeDriver.&lt;init&gt;(ChromeDriver.java:88)
	at org.openqa.selenium.chrome.ChromeDriver.&lt;init&gt;(ChromeDriver.java:83)
	at org.openqa.selenium.chrome.ChromeDriver.&lt;init&gt;(ChromeDriver.java:72)
	at ict.kerala.project.LoginPage.setup(LoginPage.java:312)
	at DigitalResumeBuilder.TestClass.templ(TestClass.java:258)
	at java.base/jdk.internal.reflect.DirectMethodHandleAccessor.invoke(DirectMethodHandleAccessor.java:103)
	at java.base/java.lang.reflect.Method.invoke(Method.java:580)
	at org.testng.internal.invokers.MethodInvocationHelper.invokeMethod(MethodInvocationHelper.java:139)
	at org.testng.internal.invokers.TestInvoker.invokeMethod(TestInvoker.java:664)
	at org.testng.internal.invokers.TestInvoker.invokeTestMethod(TestInvoker.java:228)
	at org.testng.internal.invokers.MethodRunner.runInSequence(MethodRunner.java:63)
	at org.testng.internal.invokers.TestInvoker$MethodInvocationAgent.invoke(TestInvoker.java:961)
	at org.testng.internal.invokers.TestInvoker.invokeTestMethods(TestInvoker.java:201)
	at org.testng.internal.invokers.TestMethodWorker.invokeTestMethods(TestMethodWorker.java:148)
	at org.testng.internal.invokers.TestMethodWorker.run(TestMethodWorker.java:128)
	at java.base/java.util.ArrayList.forEach(ArrayList.java:1596)
	at org.testng.TestRunner.privateRun(TestRunner.java:819)
	at org.testng.TestRunner.run(TestRunner.java:619)
	at org.testng.SuiteRunner.runTest(SuiteRunner.java:443)
	at org.testng.SuiteRunner.runSequentially(SuiteRunner.java:437)
	at org.testng.SuiteRunner.privateRun(SuiteRunner.java:397)
	at org.testng.SuiteRunner.run(SuiteRunner.java:336)
	at org.testng.SuiteRunnerWorker.runSuite(SuiteRunnerWorker.java:52)
	at org.testng.SuiteRunnerWorker.run(SuiteRunnerWorker.java:95)
	at org.testng.TestNG.runSuitesSequentially(TestNG.java:1301)
	at org.testng.TestNG.runSuitesLocally(TestNG.java:1228)
	at org.testng.TestNG.runSuites(TestNG.java:1134)
	at org.testng.TestNG.run(TestNG.java:1101)
	at org.testng.remote.AbstractRemoteTestNG.run(AbstractRemoteTestNG.java:115)
	at org.testng.remote.RemoteTestNG.initAndRun(RemoteTestNG.java:251)
	at org.testng.remote.RemoteTestNG.main(RemoteTestNG.java:77)
Caused by: java.lang.IllegalStateException: chromedriver must exist: C:\Users\jagat\OneDrive\Desktop\DRB\DIGITALRESUMEBUILDER\path\to\chromedriver
	at org.openqa.selenium.internal.Require$FileStateChecker.isFile(Require.java:346)
	at org.openqa.selenium.internal.Require$FileStateChecker.isExecutable(Require.java:368)
	at org.openqa.selenium.remote.service.DriverFinder.getBinaryPaths(DriverFinder.java:118)
	... 33 more
</pre></div></td>
<td>0</td>
<td>DigitalResumeBuilder.TestClass@4afcd809</td></tr>
</table><p>
<table width='100%' border='1' class='invocation-passed'>
<tr><td colspan='4' align='center'><b>PASSED TESTS</b></td></tr>
<tr><td><b>Test method</b></td>
<td><b>Attribute(s)</b></td>
<td width="30%"><b>Exception</b></td>
<td width="10%"><b>Time (seconds)</b></td>
<td><b>Instance</b></td>
</tr>
<tr>
<td title='DigitalResumeBuilder.TestClass.profile()'><b>profile</b><br>Test class: DigitalResumeBuilder.TestClass</td>
<td></td>
<td>0</td>
<td>DigitalResumeBuilder.TestClass@4afcd809</td></tr>
<tr>
<td title='DigitalResumeBuilder.TestClass.edtn()'><b>edtn</b><br>Test class: DigitalResumeBuilder.TestClass</td>
<td></td>
<td>0</td>
<td>DigitalResumeBuilder.TestClass@4afcd809</td></tr>
<tr>
<td title='DigitalResumeBuilder.TestClass.neglogin3()'><b>neglogin3</b><br>Test class: DigitalResumeBuilder.TestClass</td>
<td></td>
<td>0</td>
<td>DigitalResumeBuilder.TestClass@4afcd809</td></tr>
<tr>
<td title='DigitalResumeBuilder.TestClass.edto()'><b>edto</b><br>Test class: DigitalResumeBuilder.TestClass</td>
<td></td>
<td>0</td>
<td>DigitalResumeBuilder.TestClass@4afcd809</td></tr>
<tr>
<td title='DigitalResumeBuilder.TestClass.mprof()'><b>mprof</b><br>Test class: DigitalResumeBuilder.TestClass</td>
<td></td>
<td>0</td>
<td>DigitalResumeBuilder.TestClass@4afcd809</td></tr>
<tr>
<td title='DigitalResumeBuilder.TestClass.poslogin()'><b>poslogin</b><br>Test class: DigitalResumeBuilder.TestClass</td>
<td></td>
<td>0</td>
<td>DigitalResumeBuilder.TestClass@4afcd809</td></tr>
<tr>
<td title='DigitalResumeBuilder.TestClass.home1()'><b>home1</b><br>Test class: DigitalResumeBuilder.TestClass</td>
<td></td>
<td>0</td>
<td>DigitalResumeBuilder.TestClass@4afcd809</td></tr>
<tr>
<td title='DigitalResumeBuilder.TestClass.dat2()'><b>dat2</b><br>Test class: DigitalResumeBuilder.TestClass</td>
<td></td>
<td>0</td>
<td>DigitalResumeBuilder.TestClass@4afcd809</td></tr>
<tr>
<td title='DigitalResumeBuilder.TestClass.hsyear()'><b>hsyear</b><br>Test class: DigitalResumeBuilder.TestClass</td>
<td></td>
<td>0</td>
<td>DigitalResumeBuilder.TestClass@4afcd809</td></tr>
<tr>
<td title='DigitalResumeBuilder.TestClass.neglogin1()'><b>neglogin1</b><br>Test class: DigitalResumeBuilder.TestClass</td>
<td></td>
<td>0</td>
<td>DigitalResumeBuilder.TestClass@4afcd809</td></tr>
<tr>
<td title='DigitalResumeBuilder.TestClass.sign()'><b>sign</b><br>Test class: DigitalResumeBuilder.TestClass</td>
<td></td>
<td>0</td>
<td>DigitalResumeBuilder.TestClass@4afcd809</td></tr>
<tr>
<td title='DigitalResumeBuilder.TestClass.dat()'><b>dat</b><br>Test class: DigitalResumeBuilder.TestClass</td>
<td></td>
<td>0</td>
<td>DigitalResumeBuilder.TestClass@4afcd809</td></tr>
<tr>
<td title='DigitalResumeBuilder.TestClass.hschool4()'><b>hschool4</b><br>Test class: DigitalResumeBuilder.TestClass</td>
<td></td>
<td>0</td>
<td>DigitalResumeBuilder.TestClass@4afcd809</td></tr>
<tr>
<td title='DigitalResumeBuilder.TestClass.hschool()'><b>hschool</b><br>Test class: DigitalResumeBuilder.TestClass</td>
<td></td>
<td>11</td>
<td>DigitalResumeBuilder.TestClass@4afcd809</td></tr>
<tr>
<td title='DigitalResumeBuilder.TestClass.sign2()'><b>sign2</b><br>Test class: DigitalResumeBuilder.TestClass</td>
<td></td>
<td>0</td>
<td>DigitalResumeBuilder.TestClass@4afcd809</td></tr>
<tr>
<td title='DigitalResumeBuilder.TestClass.hschool2()'><b>hschool2</b><br>Test class: DigitalResumeBuilder.TestClass</td>
<td></td>
<td>0</td>
<td>DigitalResumeBuilder.TestClass@4afcd809</td></tr>
<tr>
<td title='DigitalResumeBuilder.TestClass.home2()'><b>home2</b><br>Test class: DigitalResumeBuilder.TestClass</td>
<td></td>
<td>0</td>
<td>DigitalResumeBuilder.TestClass@4afcd809</td></tr>
<tr>
<td title='DigitalResumeBuilder.TestClass.dat3()'><b>dat3</b><br>Test class: DigitalResumeBuilder.TestClass</td>
<td></td>
<td>0</td>
<td>DigitalResumeBuilder.TestClass@4afcd809</td></tr>
<tr>
<td title='DigitalResumeBuilder.TestClass.logi()'><b>logi</b><br>Test class: DigitalResumeBuilder.TestClass</td>
<td></td>
<td>0</td>
<td>DigitalResumeBuilder.TestClass@4afcd809</td></tr>
<tr>
<td title='DigitalResumeBuilder.TestClass.hsname()'><b>hsname</b><br>Test class: DigitalResumeBuilder.TestClass</td>
<td></td>
<td>0</td>
<td>DigitalResumeBuilder.TestClass@4afcd809</td></tr>
<tr>
<td title='DigitalResumeBuilder.TestClass.si6()'><b>si6</b><br>Test class: DigitalResumeBuilder.TestClass</td>
<td></td>
<td>0</td>
<td>DigitalResumeBuilder.TestClass@4afcd809</td></tr>
<tr>
<td title='DigitalResumeBuilder.TestClass.sign1()'><b>sign1</b><br>Test class: DigitalResumeBuilder.TestClass</td>
<td></td>
<td>0</td>
<td>DigitalResumeBuilder.TestClass@4afcd809</td></tr>
<tr>
<td title='DigitalResumeBuilder.TestClass.hsper()'><b>hsper</b><br>Test class: DigitalResumeBuilder.TestClass</td>
<td></td>
<td>0</td>
<td>DigitalResumeBuilder.TestClass@4afcd809</td></tr>
<tr>
<td title='DigitalResumeBuilder.TestClass.hschool3()'><b>hschool3</b><br>Test class: DigitalResumeBuilder.TestClass</td>
<td></td>
<td>0</td>
<td>DigitalResumeBuilder.TestClass@4afcd809</td></tr>
<tr>
<td title='DigitalResumeBuilder.TestClass.gend()'><b>gend</b><br>Test class: DigitalResumeBuilder.TestClass</td>
<td></td>
<td>0</td>
<td>DigitalResumeBuilder.TestClass@4afcd809</td></tr>
<tr>
<td title='DigitalResumeBuilder.TestClass.prof()'><b>prof</b><br>Test class: DigitalResumeBuilder.TestClass</td>
<td></td>
<td>0</td>
<td>DigitalResumeBuilder.TestClass@4afcd809</td></tr>
<tr>
<td title='DigitalResumeBuilder.TestClass.forget()'><b>forget</b><br>Test class: DigitalResumeBuilder.TestClass</td>
<td></td>
<td>0</td>
<td>DigitalResumeBuilder.TestClass@4afcd809</td></tr>
<tr>
<td title='DigitalResumeBuilder.TestClass.create()'><b>create</b><br>Test class: DigitalResumeBuilder.TestClass</td>
<td></td>
<td>0</td>
<td>DigitalResumeBuilder.TestClass@4afcd809</td></tr>
<tr>
<td title='DigitalResumeBuilder.TestClass.login2()'><b>login2</b><br>Test class: DigitalResumeBuilder.TestClass</td>
<td></td>
<td>0</td>
<td>DigitalResumeBuilder.TestClass@4afcd809</td></tr>
<tr>
<td title='DigitalResumeBuilder.TestClass.neglogin2()'><b>neglogin2</b><br>Test class: DigitalResumeBuilder.TestClass</td>
<td></td>
<td>0</td>
<td>DigitalResumeBuilder.TestClass@4afcd809</td></tr>
<tr>
<td title='DigitalResumeBuilder.TestClass.edtp()'><b>edtp</b><br>Test class: DigitalResumeBuilder.TestClass</td>
<td></td>
<td>1</td>
<td>DigitalResumeBuilder.TestClass@4afcd809</td></tr>
<tr>
<td title='DigitalResumeBuilder.TestClass.sign3()'><b>sign3</b><br>Test class: DigitalResumeBuilder.TestClass</td>
<td></td>
<td>0</td>
<td>DigitalResumeBuilder.TestClass@4afcd809</td></tr>
</table><p>
</body>
</html>